[05-Feb-2018 23:21:04 UTC] PHP Parse error:  syntax error, unexpected '}' in /home/ubuntu/workspace/ebeni/Labs/lab2/index.php on line 29
[05-Feb-2018 23:21:06 UTC] PHP Parse error:  syntax error, unexpected '}' in /home/ubuntu/workspace/ebeni/Labs/lab2/index.php on line 29
[17-Feb-2018 21:39:28 UTC] PHP Parse error:  syntax error, unexpected 'else' (T_ELSE) in /home/ubuntu/workspace/ebeni/Labs/lab2/index.php on line 59
[17-Feb-2018 21:44:46 UTC] PHP Parse error:  syntax error, unexpected '>' in /home/ubuntu/workspace/ebeni/Labs/lab2/index.php on line 79
[17-Feb-2018 21:44:47 UTC] PHP Parse error:  syntax error, unexpected '>' in /home/ubuntu/workspace/ebeni/Labs/lab2/index.php on line 79
[17-Feb-2018 21:51:19 UTC] PHP Parse error:  syntax error, unexpected '1' (T_LNUMBER), expecting variable (T_VARIABLE) or '$' in /home/ubuntu/workspace/ebeni/Labs/lab2/index.php on line 85
[17-Feb-2018 21:52:27 UTC] PHP Fatal error:  Call to undefined function displaySymmbol() in /home/ubuntu/workspace/ebeni/Labs/lab2/index.php on line 88
[17-Feb-2018 21:52:27 UTC] PHP Stack trace:
[17-Feb-2018 21:52:27 UTC] PHP   1. {main}() /home/ubuntu/workspace/ebeni/Labs/lab2/index.php:0
[17-Feb-2018 21:52:37 UTC] PHP Fatal error:  Call to undefined function displaySymmbol() in /home/ubuntu/workspace/ebeni/Labs/lab2/index.php on line 88
[17-Feb-2018 21:52:37 UTC] PHP Stack trace:
[17-Feb-2018 21:52:37 UTC] PHP   1. {main}() /home/ubuntu/workspace/ebeni/Labs/lab2/index.php:0
[17-Feb-2018 21:52:37 UTC] PHP Fatal error:  Call to undefined function displaySymmbol() in /home/ubuntu/workspace/ebeni/Labs/lab2/index.php on line 88
[17-Feb-2018 21:52:37 UTC] PHP Stack trace:
[17-Feb-2018 21:52:37 UTC] PHP   1. {main}() /home/ubuntu/workspace/ebeni/Labs/lab2/index.php:0
[17-Feb-2018 21:52:39 UTC] PHP Fatal error:  Call to undefined function displaySymmbol() in /home/ubuntu/workspace/ebeni/Labs/lab2/index.php on line 88
[17-Feb-2018 21:52:39 UTC] PHP Stack trace:
[17-Feb-2018 21:52:39 UTC] PHP   1. {main}() /home/ubuntu/workspace/ebeni/Labs/lab2/index.php:0
[17-Feb-2018 22:08:16 UTC] PHP Fatal error:  Call to undefined function displaySymbol() in /home/ubuntu/workspace/ebeni/Labs/lab2/index.php on line 18
[17-Feb-2018 22:08:16 UTC] PHP Stack trace:
[17-Feb-2018 22:08:16 UTC] PHP   1. {main}() /home/ubuntu/workspace/ebeni/Labs/lab2/index.php:0
[17-Feb-2018 22:08:16 UTC] PHP   2. play() /home/ubuntu/workspace/ebeni/Labs/lab2/index.php:24
[17-Feb-2018 22:13:37 UTC] PHP Fatal error:  Call to undefined function play() in /home/ubuntu/workspace/ebeni/Labs/lab2/index.php on line 24
[17-Feb-2018 22:13:37 UTC] PHP Stack trace:
[17-Feb-2018 22:13:37 UTC] PHP   1. {main}() /home/ubuntu/workspace/ebeni/Labs/lab2/index.php:0
[17-Feb-2018 22:13:38 UTC] PHP Fatal error:  Call to undefined function play() in /home/ubuntu/workspace/ebeni/Labs/lab2/index.php on line 24
[17-Feb-2018 22:13:38 UTC] PHP Stack trace:
[17-Feb-2018 22:13:38 UTC] PHP   1. {main}() /home/ubuntu/workspace/ebeni/Labs/lab2/index.php:0
[17-Feb-2018 22:14:18 UTC] PHP Fatal error:  Call to undefined function play() in /home/ubuntu/workspace/ebeni/Labs/lab2/index.php on line 24
[17-Feb-2018 22:14:18 UTC] PHP Stack trace:
[17-Feb-2018 22:14:18 UTC] PHP   1. {main}() /home/ubuntu/workspace/ebeni/Labs/lab2/index.php:0
[17-Feb-2018 22:14:20 UTC] PHP Fatal error:  Call to undefined function play() in /home/ubuntu/workspace/ebeni/Labs/lab2/index.php on line 24
[17-Feb-2018 22:14:20 UTC] PHP Stack trace:
[17-Feb-2018 22:14:20 UTC] PHP   1. {main}() /home/ubuntu/workspace/ebeni/Labs/lab2/index.php:0
[26-Feb-2018 23:28:24 UTC] PHP Warning:  Missing argument 1 for checkCategory(), called in /home/ubuntu/workspace/ebeni/Labs/lab4/index.php on line 105 and defined in /home/ubuntu/workspace/ebeni/Labs/lab4/index.php on line 38
[26-Feb-2018 23:28:24 UTC] PHP Stack trace:
[26-Feb-2018 23:28:24 UTC] PHP   1. {main}() /home/ubuntu/workspace/ebeni/Labs/lab4/index.php:0
[26-Feb-2018 23:28:24 UTC] PHP   2. checkCategory() /home/ubuntu/workspace/ebeni/Labs/lab4/index.php:105
[26-Feb-2018 23:28:24 UTC] PHP Warning:  Missing argument 1 for checkCategory(), called in /home/ubuntu/workspace/ebeni/Labs/lab4/index.php on line 106 and defined in /home/ubuntu/workspace/ebeni/Labs/lab4/index.php on line 38
[26-Feb-2018 23:28:24 UTC] PHP Stack trace:
[26-Feb-2018 23:28:24 UTC] PHP   1. {main}() /home/ubuntu/workspace/ebeni/Labs/lab4/index.php:0
[26-Feb-2018 23:28:24 UTC] PHP   2. checkCategory() /home/ubuntu/workspace/ebeni/Labs/lab4/index.php:106
[26-Feb-2018 23:28:24 UTC] PHP Warning:  Missing argument 1 for checkCategory(), called in /home/ubuntu/workspace/ebeni/Labs/lab4/index.php on line 107 and defined in /home/ubuntu/workspace/ebeni/Labs/lab4/index.php on line 38
[26-Feb-2018 23:28:24 UTC] PHP Stack trace:
[26-Feb-2018 23:28:24 UTC] PHP   1. {main}() /home/ubuntu/workspace/ebeni/Labs/lab4/index.php:0
[26-Feb-2018 23:28:24 UTC] PHP   2. checkCategory() /home/ubuntu/workspace/ebeni/Labs/lab4/index.php:107
[26-Feb-2018 23:29:47 UTC] PHP Warning:  Missing argument 1 for checkCategory(), called in /home/ubuntu/workspace/ebeni/Labs/lab4/index.php on line 105 and defined in /home/ubuntu/workspace/ebeni/Labs/lab4/index.php on line 38
[26-Feb-2018 23:29:47 UTC] PHP Stack trace:
[26-Feb-2018 23:29:47 UTC] PHP   1. {main}() /home/ubuntu/workspace/ebeni/Labs/lab4/index.php:0
[26-Feb-2018 23:29:47 UTC] PHP   2. checkCategory() /home/ubuntu/workspace/ebeni/Labs/lab4/index.php:105
[26-Feb-2018 23:29:47 UTC] PHP Warning:  Missing argument 1 for checkCategory(), called in /home/ubuntu/workspace/ebeni/Labs/lab4/index.php on line 106 and defined in /home/ubuntu/workspace/ebeni/Labs/lab4/index.php on line 38
[26-Feb-2018 23:29:47 UTC] PHP Stack trace:
[26-Feb-2018 23:29:47 UTC] PHP   1. {main}() /home/ubuntu/workspace/ebeni/Labs/lab4/index.php:0
[26-Feb-2018 23:29:47 UTC] PHP   2. checkCategory() /home/ubuntu/workspace/ebeni/Labs/lab4/index.php:106
[26-Feb-2018 23:29:47 UTC] PHP Warning:  Missing argument 1 for checkCategory(), called in /home/ubuntu/workspace/ebeni/Labs/lab4/index.php on line 107 and defined in /home/ubuntu/workspace/ebeni/Labs/lab4/index.php on line 38
[26-Feb-2018 23:29:47 UTC] PHP Stack trace:
[26-Feb-2018 23:29:47 UTC] PHP   1. {main}() /home/ubuntu/workspace/ebeni/Labs/lab4/index.php:0
[26-Feb-2018 23:29:47 UTC] PHP   2. checkCategory() /home/ubuntu/workspace/ebeni/Labs/lab4/index.php:107
[26-Feb-2018 23:29:49 UTC] PHP Warning:  Missing argument 1 for checkCategory(), called in /home/ubuntu/workspace/ebeni/Labs/lab4/index.php on line 105 and defined in /home/ubuntu/workspace/ebeni/Labs/lab4/index.php on line 38
[26-Feb-2018 23:29:49 UTC] PHP Stack trace:
[26-Feb-2018 23:29:49 UTC] PHP   1. {main}() /home/ubuntu/workspace/ebeni/Labs/lab4/index.php:0
[26-Feb-2018 23:29:49 UTC] PHP   2. checkCategory() /home/ubuntu/workspace/ebeni/Labs/lab4/index.php:105
[26-Feb-2018 23:29:49 UTC] PHP Warning:  Missing argument 1 for checkCategory(), called in /home/ubuntu/workspace/ebeni/Labs/lab4/index.php on line 106 and defined in /home/ubuntu/workspace/ebeni/Labs/lab4/index.php on line 38
[26-Feb-2018 23:29:49 UTC] PHP Stack trace:
[26-Feb-2018 23:29:49 UTC] PHP   1. {main}() /home/ubuntu/workspace/ebeni/Labs/lab4/index.php:0
[26-Feb-2018 23:29:49 UTC] PHP   2. checkCategory() /home/ubuntu/workspace/ebeni/Labs/lab4/index.php:106
[26-Feb-2018 23:29:49 UTC] PHP Warning:  Missing argument 1 for checkCategory(), called in /home/ubuntu/workspace/ebeni/Labs/lab4/index.php on line 107 and defined in /home/ubuntu/workspace/ebeni/Labs/lab4/index.php on line 38
[26-Feb-2018 23:29:49 UTC] PHP Stack trace:
[26-Feb-2018 23:29:49 UTC] PHP   1. {main}() /home/ubuntu/workspace/ebeni/Labs/lab4/index.php:0
[26-Feb-2018 23:29:49 UTC] PHP   2. checkCategory() /home/ubuntu/workspace/ebeni/Labs/lab4/index.php:107
[26-Feb-2018 23:29:50 UTC] PHP Warning:  Missing argument 1 for checkCategory(), called in /home/ubuntu/workspace/ebeni/Labs/lab4/index.php on line 105 and defined in /home/ubuntu/workspace/ebeni/Labs/lab4/index.php on line 38
[26-Feb-2018 23:29:50 UTC] PHP Stack trace:
[26-Feb-2018 23:29:50 UTC] PHP   1. {main}() /home/ubuntu/workspace/ebeni/Labs/lab4/index.php:0
[26-Feb-2018 23:29:50 UTC] PHP   2. checkCategory() /home/ubuntu/workspace/ebeni/Labs/lab4/index.php:105
[26-Feb-2018 23:29:50 UTC] PHP Warning:  Missing argument 1 for checkCategory(), called in /home/ubuntu/workspace/ebeni/Labs/lab4/index.php on line 106 and defined in /home/ubuntu/workspace/ebeni/Labs/lab4/index.php on line 38
[26-Feb-2018 23:29:50 UTC] PHP Stack trace:
[26-Feb-2018 23:29:50 UTC] PHP   1. {main}() /home/ubuntu/workspace/ebeni/Labs/lab4/index.php:0
[26-Feb-2018 23:29:50 UTC] PHP   2. checkCategory() /home/ubuntu/workspace/ebeni/Labs/lab4/index.php:106
[26-Feb-2018 23:29:50 UTC] PHP Warning:  Missing argument 1 for checkCategory(), called in /home/ubuntu/workspace/ebeni/Labs/lab4/index.php on line 107 and defined in /home/ubuntu/workspace/ebeni/Labs/lab4/index.php on line 38
[26-Feb-2018 23:29:50 UTC] PHP Stack trace:
[26-Feb-2018 23:29:50 UTC] PHP   1. {main}() /home/ubuntu/workspace/ebeni/Labs/lab4/index.php:0
[26-Feb-2018 23:29:50 UTC] PHP   2. checkCategory() /home/ubuntu/workspace/ebeni/Labs/lab4/index.php:107
[26-Feb-2018 23:29:53 UTC] PHP Warning:  Missing argument 1 for checkCategory(), called in /home/ubuntu/workspace/ebeni/Labs/lab4/index.php on line 105 and defined in /home/ubuntu/workspace/ebeni/Labs/lab4/index.php on line 38
[26-Feb-2018 23:29:53 UTC] PHP Stack trace:
[26-Feb-2018 23:29:53 UTC] PHP   1. {main}() /home/ubuntu/workspace/ebeni/Labs/lab4/index.php:0
[26-Feb-2018 23:29:53 UTC] PHP   2. checkCategory() /home/ubuntu/workspace/ebeni/Labs/lab4/index.php:105
[26-Feb-2018 23:29:53 UTC] PHP Warning:  Missing argument 1 for checkCategory(), called in /home/ubuntu/workspace/ebeni/Labs/lab4/index.php on line 106 and defined in /home/ubuntu/workspace/ebeni/Labs/lab4/index.php on line 38
[26-Feb-2018 23:29:53 UTC] PHP Stack trace:
[26-Feb-2018 23:29:53 UTC] PHP   1. {main}() /home/ubuntu/workspace/ebeni/Labs/lab4/index.php:0
[26-Feb-2018 23:29:53 UTC] PHP   2. checkCategory() /home/ubuntu/workspace/ebeni/Labs/lab4/index.php:106
[26-Feb-2018 23:29:53 UTC] PHP Warning:  Missing argument 1 for checkCategory(), called in /home/ubuntu/workspace/ebeni/Labs/lab4/index.php on line 107 and defined in /home/ubuntu/workspace/ebeni/Labs/lab4/index.php on line 38
[26-Feb-2018 23:29:53 UTC] PHP Stack trace:
[26-Feb-2018 23:29:53 UTC] PHP   1. {main}() /home/ubuntu/workspace/ebeni/Labs/lab4/index.php:0
[26-Feb-2018 23:29:53 UTC] PHP   2. checkCategory() /home/ubuntu/workspace/ebeni/Labs/lab4/index.php:107
[26-Feb-2018 23:29:55 UTC] PHP Warning:  Missing argument 1 for checkCategory(), called in /home/ubuntu/workspace/ebeni/Labs/lab4/index.php on line 105 and defined in /home/ubuntu/workspace/ebeni/Labs/lab4/index.php on line 38
[26-Feb-2018 23:29:55 UTC] PHP Stack trace:
[26-Feb-2018 23:29:55 UTC] PHP   1. {main}() /home/ubuntu/workspace/ebeni/Labs/lab4/index.php:0
[26-Feb-2018 23:29:55 UTC] PHP   2. checkCategory() /home/ubuntu/workspace/ebeni/Labs/lab4/index.php:105
[26-Feb-2018 23:29:55 UTC] PHP Warning:  Missing argument 1 for checkCategory(), called in /home/ubuntu/workspace/ebeni/Labs/lab4/index.php on line 106 and defined in /home/ubuntu/workspace/ebeni/Labs/lab4/index.php on line 38
[26-Feb-2018 23:29:55 UTC] PHP Stack trace:
[26-Feb-2018 23:29:55 UTC] PHP   1. {main}() /home/ubuntu/workspace/ebeni/Labs/lab4/index.php:0
[26-Feb-2018 23:29:55 UTC] PHP   2. checkCategory() /home/ubuntu/workspace/ebeni/Labs/lab4/index.php:106
[26-Feb-2018 23:29:55 UTC] PHP Warning:  Missing argument 1 for checkCategory(), called in /home/ubuntu/workspace/ebeni/Labs/lab4/index.php on line 107 and defined in /home/ubuntu/workspace/ebeni/Labs/lab4/index.php on line 38
[26-Feb-2018 23:29:55 UTC] PHP Stack trace:
[26-Feb-2018 23:29:55 UTC] PHP   1. {main}() /home/ubuntu/workspace/ebeni/Labs/lab4/index.php:0
[26-Feb-2018 23:29:55 UTC] PHP   2. checkCategory() /home/ubuntu/workspace/ebeni/Labs/lab4/index.php:107
[26-Feb-2018 23:31:14 UTC] PHP Warning:  Missing argument 1 for checkCategory(), called in /home/ubuntu/workspace/ebeni/Labs/lab4/index.php on line 105 and defined in /home/ubuntu/workspace/ebeni/Labs/lab4/index.php on line 38
[26-Feb-2018 23:31:14 UTC] PHP Stack trace:
[26-Feb-2018 23:31:14 UTC] PHP   1. {main}() /home/ubuntu/workspace/ebeni/Labs/lab4/index.php:0
[26-Feb-2018 23:31:14 UTC] PHP   2. checkCategory() /home/ubuntu/workspace/ebeni/Labs/lab4/index.php:105
[26-Feb-2018 23:31:14 UTC] PHP Warning:  Missing argument 1 for checkCategory(), called in /home/ubuntu/workspace/ebeni/Labs/lab4/index.php on line 106 and defined in /home/ubuntu/workspace/ebeni/Labs/lab4/index.php on line 38
[26-Feb-2018 23:31:14 UTC] PHP Stack trace:
[26-Feb-2018 23:31:14 UTC] PHP   1. {main}() /home/ubuntu/workspace/ebeni/Labs/lab4/index.php:0
[26-Feb-2018 23:31:14 UTC] PHP   2. checkCategory() /home/ubuntu/workspace/ebeni/Labs/lab4/index.php:106
[26-Feb-2018 23:31:14 UTC] PHP Warning:  Missing argument 1 for checkCategory(), called in /home/ubuntu/workspace/ebeni/Labs/lab4/index.php on line 107 and defined in /home/ubuntu/workspace/ebeni/Labs/lab4/index.php on line 38
[26-Feb-2018 23:31:14 UTC] PHP Stack trace:
[26-Feb-2018 23:31:14 UTC] PHP   1. {main}() /home/ubuntu/workspace/ebeni/Labs/lab4/index.php:0
[26-Feb-2018 23:31:14 UTC] PHP   2. checkCategory() /home/ubuntu/workspace/ebeni/Labs/lab4/index.php:107
[26-Feb-2018 23:31:19 UTC] PHP Warning:  Missing argument 1 for checkCategory(), called in /home/ubuntu/workspace/ebeni/Labs/lab4/index.php on line 105 and defined in /home/ubuntu/workspace/ebeni/Labs/lab4/index.php on line 38
[26-Feb-2018 23:31:19 UTC] PHP Stack trace:
[26-Feb-2018 23:31:19 UTC] PHP   1. {main}() /home/ubuntu/workspace/ebeni/Labs/lab4/index.php:0
[26-Feb-2018 23:31:19 UTC] PHP   2. checkCategory() /home/ubuntu/workspace/ebeni/Labs/lab4/index.php:105
[26-Feb-2018 23:31:19 UTC] PHP Warning:  Missing argument 1 for checkCategory(), called in /home/ubuntu/workspace/ebeni/Labs/lab4/index.php on line 106 and defined in /home/ubuntu/workspace/ebeni/Labs/lab4/index.php on line 38
[26-Feb-2018 23:31:19 UTC] PHP Stack trace:
[26-Feb-2018 23:31:19 UTC] PHP   1. {main}() /home/ubuntu/workspace/ebeni/Labs/lab4/index.php:0
[26-Feb-2018 23:31:19 UTC] PHP   2. checkCategory() /home/ubuntu/workspace/ebeni/Labs/lab4/index.php:106
[26-Feb-2018 23:31:19 UTC] PHP Warning:  Missing argument 1 for checkCategory(), called in /home/ubuntu/workspace/ebeni/Labs/lab4/index.php on line 107 and defined in /home/ubuntu/workspace/ebeni/Labs/lab4/index.php on line 38
[26-Feb-2018 23:31:19 UTC] PHP Stack trace:
[26-Feb-2018 23:31:19 UTC] PHP   1. {main}() /home/ubuntu/workspace/ebeni/Labs/lab4/index.php:0
[26-Feb-2018 23:31:19 UTC] PHP   2. checkCategory() /home/ubuntu/workspace/ebeni/Labs/lab4/index.php:107
[26-Feb-2018 23:31:22 UTC] PHP Warning:  Missing argument 1 for checkCategory(), called in /home/ubuntu/workspace/ebeni/Labs/lab4/index.php on line 105 and defined in /home/ubuntu/workspace/ebeni/Labs/lab4/index.php on line 38
[26-Feb-2018 23:31:22 UTC] PHP Stack trace:
[26-Feb-2018 23:31:22 UTC] PHP   1. {main}() /home/ubuntu/workspace/ebeni/Labs/lab4/index.php:0
[26-Feb-2018 23:31:22 UTC] PHP   2. checkCategory() /home/ubuntu/workspace/ebeni/Labs/lab4/index.php:105
[26-Feb-2018 23:31:22 UTC] PHP Warning:  Missing argument 1 for checkCategory(), called in /home/ubuntu/workspace/ebeni/Labs/lab4/index.php on line 106 and defined in /home/ubuntu/workspace/ebeni/Labs/lab4/index.php on line 38
[26-Feb-2018 23:31:22 UTC] PHP Stack trace:
[26-Feb-2018 23:31:22 UTC] PHP   1. {main}() /home/ubuntu/workspace/ebeni/Labs/lab4/index.php:0
[26-Feb-2018 23:31:22 UTC] PHP   2. checkCategory() /home/ubuntu/workspace/ebeni/Labs/lab4/index.php:106
[26-Feb-2018 23:31:22 UTC] PHP Warning:  Missing argument 1 for checkCategory(), called in /home/ubuntu/workspace/ebeni/Labs/lab4/index.php on line 107 and defined in /home/ubuntu/workspace/ebeni/Labs/lab4/index.php on line 38
[26-Feb-2018 23:31:22 UTC] PHP Stack trace:
[26-Feb-2018 23:31:22 UTC] PHP   1. {main}() /home/ubuntu/workspace/ebeni/Labs/lab4/index.php:0
[26-Feb-2018 23:31:22 UTC] PHP   2. checkCategory() /home/ubuntu/workspace/ebeni/Labs/lab4/index.php:107
[26-Feb-2018 23:31:24 UTC] PHP Warning:  Missing argument 1 for checkCategory(), called in /home/ubuntu/workspace/ebeni/Labs/lab4/index.php on line 105 and defined in /home/ubuntu/workspace/ebeni/Labs/lab4/index.php on line 38
[26-Feb-2018 23:31:24 UTC] PHP Stack trace:
[26-Feb-2018 23:31:24 UTC] PHP   1. {main}() /home/ubuntu/workspace/ebeni/Labs/lab4/index.php:0
[26-Feb-2018 23:31:24 UTC] PHP   2. checkCategory() /home/ubuntu/workspace/ebeni/Labs/lab4/index.php:105
[26-Feb-2018 23:31:24 UTC] PHP Warning:  Missing argument 1 for checkCategory(), called in /home/ubuntu/workspace/ebeni/Labs/lab4/index.php on line 106 and defined in /home/ubuntu/workspace/ebeni/Labs/lab4/index.php on line 38
[26-Feb-2018 23:31:24 UTC] PHP Stack trace:
[26-Feb-2018 23:31:24 UTC] PHP   1. {main}() /home/ubuntu/workspace/ebeni/Labs/lab4/index.php:0
[26-Feb-2018 23:31:24 UTC] PHP   2. checkCategory() /home/ubuntu/workspace/ebeni/Labs/lab4/index.php:106
[26-Feb-2018 23:31:24 UTC] PHP Warning:  Missing argument 1 for checkCategory(), called in /home/ubuntu/workspace/ebeni/Labs/lab4/index.php on line 107 and defined in /home/ubuntu/workspace/ebeni/Labs/lab4/index.php on line 38
[26-Feb-2018 23:31:24 UTC] PHP Stack trace:
[26-Feb-2018 23:31:24 UTC] PHP   1. {main}() /home/ubuntu/workspace/ebeni/Labs/lab4/index.php:0
[26-Feb-2018 23:31:24 UTC] PHP   2. checkCategory() /home/ubuntu/workspace/ebeni/Labs/lab4/index.php:107
[26-Feb-2018 23:31:25 UTC] PHP Warning:  Missing argument 1 for checkCategory(), called in /home/ubuntu/workspace/ebeni/Labs/lab4/index.php on line 105 and defined in /home/ubuntu/workspace/ebeni/Labs/lab4/index.php on line 38
[26-Feb-2018 23:31:25 UTC] PHP Stack trace:
[26-Feb-2018 23:31:25 UTC] PHP   1. {main}() /home/ubuntu/workspace/ebeni/Labs/lab4/index.php:0
[26-Feb-2018 23:31:25 UTC] PHP   2. checkCategory() /home/ubuntu/workspace/ebeni/Labs/lab4/index.php:105
[26-Feb-2018 23:31:25 UTC] PHP Warning:  Missing argument 1 for checkCategory(), called in /home/ubuntu/workspace/ebeni/Labs/lab4/index.php on line 106 and defined in /home/ubuntu/workspace/ebeni/Labs/lab4/index.php on line 38
[26-Feb-2018 23:31:25 UTC] PHP Stack trace:
[26-Feb-2018 23:31:25 UTC] PHP   1. {main}() /home/ubuntu/workspace/ebeni/Labs/lab4/index.php:0
[26-Feb-2018 23:31:25 UTC] PHP   2. checkCategory() /home/ubuntu/workspace/ebeni/Labs/lab4/index.php:106
[26-Feb-2018 23:31:25 UTC] PHP Warning:  Missing argument 1 for checkCategory(), called in /home/ubuntu/workspace/ebeni/Labs/lab4/index.php on line 107 and defined in /home/ubuntu/workspace/ebeni/Labs/lab4/index.php on line 38
[26-Feb-2018 23:31:25 UTC] PHP Stack trace:
[26-Feb-2018 23:31:25 UTC] PHP   1. {main}() /home/ubuntu/workspace/ebeni/Labs/lab4/index.php:0
[26-Feb-2018 23:31:25 UTC] PHP   2. checkCategory() /home/ubuntu/workspace/ebeni/Labs/lab4/index.php:107
[28-Feb-2018 22:21:57 UTC] PHP Parse error:  syntax error, unexpected end of file in /home/ubuntu/workspace/ebeni/Labs/lab4/index.php on line 159
[12-Mar-2018 22:30:08 UTC] PHP Fatal error:  Uncaught exception 'PDOException' with message 'SQLSTATE[3D000]: Invalid catalog name: 1046 No database selected' in /home/ubuntu/workspace/ebeni/labs/lab6/index.php:14
Stack trace:
#0 /home/ubuntu/workspace/ebeni/labs/lab6/index.php(14): PDOStatement->execute()
#1 /home/ubuntu/workspace/ebeni/labs/lab6/index.php(76): displayCategories()
#2 {main}
  thrown in /home/ubuntu/workspace/ebeni/labs/lab6/index.php on line 14
[12-Mar-2018 22:30:12 UTC] PHP Fatal error:  Uncaught exception 'PDOException' with message 'SQLSTATE[3D000]: Invalid catalog name: 1046 No database selected' in /home/ubuntu/workspace/ebeni/labs/lab6/index.php:14
Stack trace:
#0 /home/ubuntu/workspace/ebeni/labs/lab6/index.php(14): PDOStatement->execute()
#1 /home/ubuntu/workspace/ebeni/labs/lab6/index.php(76): displayCategories()
#2 {main}
  thrown in /home/ubuntu/workspace/ebeni/labs/lab6/index.php on line 14
[12-Mar-2018 22:30:30 UTC] PHP Parse error:  syntax error, unexpected '"%"' (T_CONSTANT_ENCAPSED_STRING) in /home/ubuntu/workspace/ebeni/labs/lab6/index.php on line 34
[12-Mar-2018 22:30:32 UTC] PHP Parse error:  syntax error, unexpected '"%"' (T_CONSTANT_ENCAPSED_STRING) in /home/ubuntu/workspace/ebeni/labs/lab6/index.php on line 34
[12-Mar-2018 22:44:49 UTC] PHP Fatal error:  Uncaught exception 'PDOException' with message 'SQLSTATE[3D000]: Invalid catalog name: 1046 No database selected' in /home/ubuntu/workspace/ebeni/labs/lab6/index.php:13
Stack trace:
#0 /home/ubuntu/workspace/ebeni/labs/lab6/index.php(13): PDOStatement->execute()
#1 /home/ubuntu/workspace/ebeni/labs/lab6/index.php(86): displayCategories()
#2 {main}
  thrown in /home/ubuntu/workspace/ebeni/labs/lab6/index.php on line 13
[12-Mar-2018 22:44:52 UTC] PHP Fatal error:  Uncaught exception 'PDOException' with message 'SQLSTATE[3D000]: Invalid catalog name: 1046 No database selected' in /home/ubuntu/workspace/ebeni/labs/lab6/index.php:13
Stack trace:
#0 /home/ubuntu/workspace/ebeni/labs/lab6/index.php(13): PDOStatement->execute()
#1 /home/ubuntu/workspace/ebeni/labs/lab6/index.php(86): displayCategories()
#2 {main}
  thrown in /home/ubuntu/workspace/ebeni/labs/lab6/index.php on line 13
[12-Mar-2018 22:46:28 UTC] PHP Fatal error:  Uncaught exception 'PDOException' with message 'SQLSTATE[3D000]: Invalid catalog name: 1046 No database selected' in /home/ubuntu/workspace/ebeni/labs/lab6/index.php:56
Stack trace:
#0 /home/ubuntu/workspace/ebeni/labs/lab6/index.php(56): PDOStatement->execute(Array)
#1 /home/ubuntu/workspace/ebeni/labs/lab6/index.php(113): displaySearchResults()
#2 {main}
  thrown in /home/ubuntu/workspace/ebeni/labs/lab6/index.php on line 56
[12-Mar-2018 22:46:37 UTC] PHP Fatal error:  Uncaught exception 'PDOException' with message 'SQLSTATE[3D000]: Invalid catalog name: 1046 No database selected' in /home/ubuntu/workspace/ebeni/labs/lab6/index.php:13
Stack trace:
#0 /home/ubuntu/workspace/ebeni/labs/lab6/index.php(13): PDOStatement->execute()
#1 /home/ubuntu/workspace/ebeni/labs/lab6/index.php(88): displayCategories()
#2 {main}
  thrown in /home/ubuntu/workspace/ebeni/labs/lab6/index.php on line 13
[12-Mar-2018 22:46:58 UTC] PHP Fatal error:  Uncaught exception 'PDOException' with message 'SQLSTATE[3D000]: Invalid catalog name: 1046 No database selected' in /home/ubuntu/workspace/ebeni/labs/lab6/index.php:13
Stack trace:
#0 /home/ubuntu/workspace/ebeni/labs/lab6/index.php(13): PDOStatement->execute()
#1 /home/ubuntu/workspace/ebeni/labs/lab6/index.php(88): displayCategories()
#2 {main}
  thrown in /home/ubuntu/workspace/ebeni/labs/lab6/index.php on line 13
[12-Mar-2018 22:47:17 UTC] PHP Fatal error:  Uncaught exception 'PDOException' with message 'SQLSTATE[3D000]: Invalid catalog name: 1046 No database selected' in /home/ubuntu/workspace/ebeni/labs/lab6/index.php:13
Stack trace:
#0 /home/ubuntu/workspace/ebeni/labs/lab6/index.php(13): PDOStatement->execute()
#1 /home/ubuntu/workspace/ebeni/labs/lab6/index.php(88): displayCategories()
#2 {main}
  thrown in /home/ubuntu/workspace/ebeni/labs/lab6/index.php on line 13
[12-Mar-2018 22:47:21 UTC] PHP Fatal error:  Uncaught exception 'PDOException' with message 'SQLSTATE[3D000]: Invalid catalog name: 1046 No database selected' in /home/ubuntu/workspace/ebeni/labs/lab6/index.php:56
Stack trace:
#0 /home/ubuntu/workspace/ebeni/labs/lab6/index.php(56): PDOStatement->execute(Array)
#1 /home/ubuntu/workspace/ebeni/labs/lab6/index.php(113): displaySearchResults()
#2 {main}
  thrown in /home/ubuntu/workspace/ebeni/labs/lab6/index.php on line 56
