[30-Apr-2018 22:17:40 UTC] PHP Warning:  include(../../dbConnection.php): failed to open stream: No such file or directory in /home/ubuntu/workspace/ebeni/labs/lab10/api/getPetInfo.php on line 3
[30-Apr-2018 22:17:40 UTC] PHP Stack trace:
[30-Apr-2018 22:17:40 UTC] PHP   1. {main}() /home/ubuntu/workspace/ebeni/labs/lab10/api/getPetInfo.php:0
[30-Apr-2018 22:17:40 UTC] PHP Warning:  include(): Failed opening '../../dbConnection.php' for inclusion (include_path='.:/usr/share/php:/usr/share/pear') in /home/ubuntu/workspace/ebeni/labs/lab10/api/getPetInfo.php on line 3
[30-Apr-2018 22:17:40 UTC] PHP Stack trace:
[30-Apr-2018 22:17:40 UTC] PHP   1. {main}() /home/ubuntu/workspace/ebeni/labs/lab10/api/getPetInfo.php:0
[30-Apr-2018 22:17:40 UTC] PHP Fatal error:  Call to undefined function getDatabaseConnection() in /home/ubuntu/workspace/ebeni/labs/lab10/api/getPetInfo.php on line 5
[30-Apr-2018 22:17:40 UTC] PHP Stack trace:
[30-Apr-2018 22:17:40 UTC] PHP   1. {main}() /home/ubuntu/workspace/ebeni/labs/lab10/api/getPetInfo.php:0
[30-Apr-2018 22:20:37 UTC] PHP Warning:  include(../../dbConnection.php): failed to open stream: No such file or directory in /home/ubuntu/workspace/ebeni/labs/lab10/api/getPetInfo.php on line 3
[30-Apr-2018 22:20:37 UTC] PHP Stack trace:
[30-Apr-2018 22:20:37 UTC] PHP   1. {main}() /home/ubuntu/workspace/ebeni/labs/lab10/api/getPetInfo.php:0
[30-Apr-2018 22:20:37 UTC] PHP Warning:  include(): Failed opening '../../dbConnection.php' for inclusion (include_path='.:/usr/share/php:/usr/share/pear') in /home/ubuntu/workspace/ebeni/labs/lab10/api/getPetInfo.php on line 3
[30-Apr-2018 22:20:37 UTC] PHP Stack trace:
[30-Apr-2018 22:20:37 UTC] PHP   1. {main}() /home/ubuntu/workspace/ebeni/labs/lab10/api/getPetInfo.php:0
[30-Apr-2018 22:20:37 UTC] PHP Fatal error:  Call to undefined function getDatabaseConnection() in /home/ubuntu/workspace/ebeni/labs/lab10/api/getPetInfo.php on line 5
[30-Apr-2018 22:20:37 UTC] PHP Stack trace:
[30-Apr-2018 22:20:37 UTC] PHP   1. {main}() /home/ubuntu/workspace/ebeni/labs/lab10/api/getPetInfo.php:0
[30-Apr-2018 22:20:42 UTC] PHP Warning:  include(../../dbConnection.php): failed to open stream: No such file or directory in /home/ubuntu/workspace/ebeni/labs/lab10/api/getPetInfo.php on line 3
[30-Apr-2018 22:20:42 UTC] PHP Stack trace:
[30-Apr-2018 22:20:42 UTC] PHP   1. {main}() /home/ubuntu/workspace/ebeni/labs/lab10/api/getPetInfo.php:0
[30-Apr-2018 22:20:42 UTC] PHP Warning:  include(): Failed opening '../../dbConnection.php' for inclusion (include_path='.:/usr/share/php:/usr/share/pear') in /home/ubuntu/workspace/ebeni/labs/lab10/api/getPetInfo.php on line 3
[30-Apr-2018 22:20:42 UTC] PHP Stack trace:
[30-Apr-2018 22:20:42 UTC] PHP   1. {main}() /home/ubuntu/workspace/ebeni/labs/lab10/api/getPetInfo.php:0
[30-Apr-2018 22:20:42 UTC] PHP Fatal error:  Call to undefined function getDatabaseConnection() in /home/ubuntu/workspace/ebeni/labs/lab10/api/getPetInfo.php on line 5
[30-Apr-2018 22:20:42 UTC] PHP Stack trace:
[30-Apr-2018 22:20:42 UTC] PHP   1. {main}() /home/ubuntu/workspace/ebeni/labs/lab10/api/getPetInfo.php:0
[30-Apr-2018 22:20:54 UTC] PHP Warning:  include(../../dbConnection.php): failed to open stream: No such file or directory in /home/ubuntu/workspace/ebeni/labs/lab10/api/getPetInfo.php on line 3
[30-Apr-2018 22:20:54 UTC] PHP Stack trace:
[30-Apr-2018 22:20:54 UTC] PHP   1. {main}() /home/ubuntu/workspace/ebeni/labs/lab10/api/getPetInfo.php:0
[30-Apr-2018 22:20:54 UTC] PHP Warning:  include(): Failed opening '../../dbConnection.php' for inclusion (include_path='.:/usr/share/php:/usr/share/pear') in /home/ubuntu/workspace/ebeni/labs/lab10/api/getPetInfo.php on line 3
[30-Apr-2018 22:20:54 UTC] PHP Stack trace:
[30-Apr-2018 22:20:54 UTC] PHP   1. {main}() /home/ubuntu/workspace/ebeni/labs/lab10/api/getPetInfo.php:0
[30-Apr-2018 22:20:54 UTC] PHP Fatal error:  Call to undefined function getDatabaseConnection() in /home/ubuntu/workspace/ebeni/labs/lab10/api/getPetInfo.php on line 5
[30-Apr-2018 22:20:54 UTC] PHP Stack trace:
[30-Apr-2018 22:20:54 UTC] PHP   1. {main}() /home/ubuntu/workspace/ebeni/labs/lab10/api/getPetInfo.php:0
[30-Apr-2018 22:21:00 UTC] PHP Warning:  include(../../dbConnection.php): failed to open stream: No such file or directory in /home/ubuntu/workspace/ebeni/labs/lab10/api/getPetInfo.php on line 3
[30-Apr-2018 22:21:00 UTC] PHP Stack trace:
[30-Apr-2018 22:21:00 UTC] PHP   1. {main}() /home/ubuntu/workspace/ebeni/labs/lab10/api/getPetInfo.php:0
[30-Apr-2018 22:21:00 UTC] PHP Warning:  include(): Failed opening '../../dbConnection.php' for inclusion (include_path='.:/usr/share/php:/usr/share/pear') in /home/ubuntu/workspace/ebeni/labs/lab10/api/getPetInfo.php on line 3
[30-Apr-2018 22:21:00 UTC] PHP Stack trace:
[30-Apr-2018 22:21:00 UTC] PHP   1. {main}() /home/ubuntu/workspace/ebeni/labs/lab10/api/getPetInfo.php:0
[30-Apr-2018 22:21:00 UTC] PHP Fatal error:  Call to undefined function getDatabaseConnection() in /home/ubuntu/workspace/ebeni/labs/lab10/api/getPetInfo.php on line 5
[30-Apr-2018 22:21:00 UTC] PHP Stack trace:
[30-Apr-2018 22:21:00 UTC] PHP   1. {main}() /home/ubuntu/workspace/ebeni/labs/lab10/api/getPetInfo.php:0
[30-Apr-2018 22:22:18 UTC] PHP Parse error:  syntax error, unexpected 'json_encode' (T_STRING) in /home/ubuntu/workspace/ebeni/labs/lab10/api/getPetInfo.php on line 15
